<?xml version="1.0" encoding="UTF-8"?>
<!-- Generated by org.testng.reporters.JUnitXMLReporter -->
<testsuite ignored="2" hostname="DESKTOP-S16N51Q" failures="0" tests="6" name="TestBLock2" time="32.451" errors="0" timestamp="2022-09-06T10:58:50 IST">
  <testcase classname="com.actitime.generic.BaseClass" name="@BeforeMethod login" time="0.001">
    <failure type="java.lang.NullPointerException" message="Cannot invoke &amp;quot;org.openqa.selenium.WebDriver.get(String)&amp;quot; because &amp;quot;this.driver&amp;quot; is null">
      <![CDATA[java.lang.NullPointerException: Cannot invoke "org.openqa.selenium.WebDriver.get(String)" because "this.driver" is null
at com.actitime.generic.BaseClass.login(BaseClass.java:38)
at java.base/java.util.ArrayList.forEach(ArrayList.java:1511)
at java.base/java.util.concurrent.FutureTask.run(FutureTask.java:264)
at java.base/java.util.concurrent.ThreadPoolExecutor.runWorker(ThreadPoolExecutor.java:1130)
at java.base/java.util.concurrent.ThreadPoolExecutor$Worker.run(ThreadPoolExecutor.java:630)
at java.base/java.lang.Thread.run(Thread.java:831)
... Removed 22 stack frames]]>
    </failure>
  </testcase> <!-- @BeforeMethod login -->
  <testcase classname="com.actitime.generic.BaseClass" name="@AfterMethod logout" time="-1.662442129991E9">
    <skipped/>
  </testcase> <!-- @AfterMethod logout -->
  <testcase classname="com.actitime.generic.BaseClass" name="@BeforeMethod login" time="-1.662442129994E9">
    <skipped/>
  </testcase> <!-- @BeforeMethod login -->
  <testcase classname="com.actitime.generic.BaseClass" name="@AfterMethod logout" time="-1.662442129999E9">
    <skipped/>
  </testcase> <!-- @AfterMethod logout -->
  <testcase classname="com.actitime.generic.BaseClass" name="@BeforeMethod login" time="-1.662442130002E9">
    <skipped/>
  </testcase> <!-- @BeforeMethod login -->
  <testcase classname="com.actitime.generic.BaseClass" name="@AfterMethod logout" time="-1.662442130007E9">
    <skipped/>
  </testcase> <!-- @AfterMethod logout -->
  <testcase classname="com.actitime.testscript.TaskModule" name="createTask" time="0.001"/>
  <testcase classname="com.actitime.testscript.TaskModule" name="deleteTask" time="0.001"/>
  <testcase classname="com.actitime.testscript.TaskModule" name="modifyTask" time="0.001"/>
  <testcase classname="com.actitime.testscript.UserModule" name="createUser" time="0.0">
    <skipped/>
  </testcase> <!-- createUser -->
  <testcase classname="com.actitime.testscript.UserModule" name="deleteUser" time="0.0">
    <skipped/>
  </testcase> <!-- deleteUser -->
  <testcase classname="com.actitime.testscript.UserModule" name="modifyUser" time="0.0">
    <skipped/>
  </testcase> <!-- modifyUser -->
  <testcase classname="com.actitime.generic.BaseClass" name="@AfterTest closeBrowser" time="0.0">
    <ignored/>
  </testcase> <!-- @AfterTest closeBrowser -->
  <testcase classname="com.actitime.generic.BaseClass" name="@BeforeTest openBrowser" time="0.0">
    <ignored/>
  </testcase> <!-- @BeforeTest openBrowser -->
</testsuite> <!-- TestBLock2 -->
