<?xml version="1.0" encoding="UTF-8"?>
<!-- Generated by org.testng.reporters.JUnitXMLReporter -->
<testsuite ignored="0" hostname="DESKTOP-S16N51Q" failures="0" tests="3" name="Test3" time="35.588" errors="0" timestamp="2022-09-06T11:22:09 IST">
  <testcase classname="com.actitime.testscript.CustomerModule" name="createCustomer" time="0.001"/>
  <testcase classname="com.actitime.testscript.CustomerModule" name="deleteCustomer" time="0.001"/>
  <testcase classname="com.actitime.testscript.CustomerModule" name="modifyCustomer" time="0.001"/>
</testsuite> <!-- Test3 -->
