<?xml version="1.0" encoding="UTF-8"?>
<!-- Generated by org.testng.reporters.JUnitXMLReporter -->
<testsuite ignored="0" hostname="DESKTOP-S16N51Q" failures="0" tests="3" name="Test4" time="35.29" errors="0" timestamp="2022-09-06T11:22:08 IST">
  <testcase classname="com.actitime.testscript.UserModule" name="createUser" time="0.001"/>
  <testcase classname="com.actitime.testscript.UserModule" name="deleteUser" time="0.002"/>
  <testcase classname="com.actitime.testscript.UserModule" name="modifyUser" time="0.002"/>
</testsuite> <!-- Test4 -->
